20071106160813*************************************************
20071106160813TASManager	starting ...
20071106160813*************************************************
20071106160813initalizing...
20071106160813FMS listen on 8080...
20071106160813FOS listen on 8081...
20071106160813RMS listen on 8082...
20071106160813BDMS listen on 8083...
20071106160813AFTN_T listen on 8084...
20071106160813FIDS listen on 8085...
20071106160813TA_ADM listen on 20002...
20071106160813OK,All Service is started
20071106160816------------------------------------------------
20071106160816TASManager	was ShutDown 
20071106160816-------------------------------------------------


20191016085555*************************************************
20191016085555TASManager	starting ...
20191016085555*************************************************
20191016085555initalizing...
20191016085555FMS listen on 8080...
20191016085555FOS listen on 8081...
20191016085555RMS listen on 8082...
20191016085555BDMS listen on 8083...
20191016085555AFTN_T listen on 8084...
20191016085555FIDS listen on 8085...
20191016085555TA_ADM listen on 20002...
20191016085555OK,All Service is started
20191016085732accept client '127.0.0.1' on 8081
20191016085732FOS sender on 8081 started
20191016085732FOS receiver on 8081 started
20191016085736accept client '127.0.0.1' on 8080
20191016085736FMS receiver on 8080 started
20191016085736FMS on 8080 receive 'FIN'
20191016085736FMS is closing socket on 8080
20191016085736FMS listen on 8080...
20191016085736accept client '127.0.0.1' on 8080!
20191016085808FMS on 8080 receive 'FIN'
20191016085808FMS is closing socket on 8080
20191016085808FMS listen on 8080...
20191016085809FOS on 8081 receive 'FIN'
20191016085809FOS is closing socket on 8081
20191016085809FOS listen on 8081...
20191016085912accept client '127.0.0.1' on 8080!
20191016085914accept client '127.0.0.1' on 8081!
20191016085934FMS on 8080 receive 'FIN'
20191016085934FMS is closing socket on 8080
20191016085934FMS listen on 8080...
20191016085935FOS on 8081 receive 'FIN'
20191016085935FOS is closing socket on 8081
20191016085935FOS listen on 8081...
20191016090035accept client '127.0.0.1' on 8081!
20191016090035FOS on 8081 receive 'FIN'
20191016090035FOS is closing socket on 8081
20191016090035FOS listen on 8081...
20191016090035accept client '127.0.0.1' on 8081!
20191016090051accept client '127.0.0.1' on 8080!
20191016100542FMS on 8080 receive 'FIN'
20191016100542FMS is closing socket on 8080
20191016100542FMS listen on 8080...
20191016100544FOS on 8081 receive 'FIN'
20191016100544FOS is closing socket on 8081
20191016100544FOS listen on 8081...
20191104084534*************************************************
20191104084535TASManager	starting ...
20191104084535*************************************************
20191104084535initalizing...
20191104084535FMS listen on 8080...
20191104084535FOS listen on 8081...
20191104084535RMS listen on 8082...
20191104084535BDMS listen on 8083...
20191104084535AFTN_T listen on 8084...
20191104084535FIDS listen on 8085...
20191104084535TA_ADM listen on 20002...
20191104084535OK,All Service is started
20191104084552accept client '127.0.0.1' on 8080
20191104084552FMS sender on 8080 started
20191104084552FMS receiver on 8080 started
20191104084552FMS on 8080 receive 'FIN'
20191104084552FMS is closing socket on 8080
20191104084552FMS listen on 8080...
20191104084552accept client '127.0.0.1' on 8080!
20191104084654accept client '127.0.0.1' on 8081
20191104084654FOS receiver on 8081 started
20191104084654FOS on 8081 receive 'FIN'
20191104084654FOS is closing socket on 8081
20191104084654FOS listen on 8081...
20191104084654accept client '127.0.0.1' on 8081!
20191104084702transmit fail:   'FOS' --> 'F'
20191104084727transmit fail:   'FOS' --> 'F'
20191104084728transmit fail:   'FOS' --> 'F'
20191104084728transmit fail:   'FOS' --> 'F'
20191104084728transmit fail:   'FOS' --> 'F'
20191104084728transmit fail:   'FOS' --> 'F'
20191104084729transmit fail:   'FOS' --> 'F'
20191104084729transmit fail:   'FOS' --> 'F'
20191104084729transmit fail:   'FOS' --> 'F'
20191104084729transmit fail:   'FOS' --> 'F'
20191104084729transmit fail:   'FOS' --> 'F'
20191104084730transmit fail:   'FOS' --> 'F'
20191104084730transmit fail:   'FOS' --> 'F'
20191104084730transmit fail:   'FOS' --> 'F'
20191104084731transmit fail:   'FOS' --> 'F'
20191104084731transmit fail:   'FOS' --> 'F'
20191104084731transmit fail:   'FOS' --> 'F'
20191104084731transmit fail:   'FOS' --> 'F'
20191104084732transmit fail:   'FOS' --> 'F'
20191104084732transmit fail:   'FOS' --> 'F'
20191104084732transmit fail:   'FOS' --> 'F'
20191104084732transmit fail:   'FOS' --> 'F'
20191104084732transmit fail:   'FOS' --> 'F'
20191104084739transmit fail:   'FOS' --> 'F'
20191104084739transmit fail:   'FOS' --> 'F'
20191104084739transmit fail:   'FOS' --> 'F'
20191104084740FOS on 8081 receive 'FIN'
20191104084740FOS is closing socket on 8081
20191104084740FOS listen on 8081...
20191104084805accept client '127.0.0.1' on 8081!
20191104084805FOS on 8081 receive 'FIN'
20191104084805FOS is closing socket on 8081
20191104084805FOS listen on 8081...
20191104084805accept client '127.0.0.1' on 8081!
20191104084816transmit fail:   'FOS' --> 'F'
20191104084818transmit fail:   'FOS' --> 'F'
20191104084818transmit fail:   'FOS' --> 'F'
20191104084818transmit fail:   'FOS' --> 'F'
20191104084819transmit fail:   'FOS' --> 'F'
20191104084819transmit fail:   'FOS' --> 'F'
20191104084819transmit fail:   'FOS' --> 'F'
20191104084820transmit fail:   'FOS' --> 'F'
20191104084820transmit fail:   'FOS' --> 'F'
20191104084820transmit fail:   'FOS' --> 'F'
20191104084820transmit fail:   'FOS' --> 'F'
20191104084820transmit fail:   'FOS' --> 'F'
20191104084821transmit fail:   'FOS' --> 'F'
20191104084821transmit fail:   'FOS' --> 'F'
20191104084821transmit fail:   'FOS' --> 'F'
20191104084821transmit fail:   'FOS' --> 'F'
20191104084822transmit fail:   'FOS' --> 'F'
20191104084822transmit fail:   'FOS' --> 'F'
20191104084822transmit fail:   'FOS' --> 'F'
20191104084822transmit fail:   'FOS' --> 'F'
20191104084822transmit fail:   'FOS' --> 'F'
20191104084822transmit fail:   'FOS' --> 'F'
20191104084823transmit fail:   'FOS' --> 'F'
20191104084823transmit fail:   'FOS' --> 'F'
20191104084823transmit fail:   'FOS' --> 'F'
20191104084823transmit fail:   'FOS' --> 'F'
20191104084823transmit fail:   'FOS' --> 'F'
20191104084823transmit fail:   'FOS' --> 'F'
20191104084824transmit fail:   'FOS' --> 'F'
20191104084824transmit fail:   'FOS' --> 'F'
20191104084824transmit fail:   'FOS' --> 'F'
20191104084825transmit fail:   'FOS' --> 'F'
20191104084825transmit fail:   'FOS' --> 'F'
20191104084825transmit fail:   'FOS' --> 'F'
20191104084830transmit fail:   'FOS' --> 'F'
20191104084830transmit fail:   'FOS' --> 'F'
20191104084830transmit fail:   'FOS' --> 'F'
20191104084831transmit fail:   'FOS' --> 'F'
20191104084831transmit fail:   'FOS' --> 'F'
20191104084831transmit fail:   'FOS' --> 'F'
20191104084831transmit fail:   'FOS' --> 'F'
20191104084831transmit fail:   'FOS' --> 'F'
20191104084832transmit fail:   'FOS' --> 'F'
20191104084832transmit fail:   'FOS' --> 'F'
20191104084832transmit fail:   'FOS' --> 'F'
20191104084832transmit fail:   'FOS' --> 'F'
20191104084942FOS on 8081 receive 'FIN'
20191104084942FOS is closing socket on 8081
20191104084942FOS listen on 8081...
20191104085029accept client '127.0.0.1' on 8081!
20191104085048FOS on 8081 receive 'FIN'
20191104085048FOS is closing socket on 8081
20191104085048FOS listen on 8081...
20191104085320accept client '127.0.0.1' on 8081!
20191104085321FOS on 8081 receive 'FIN'
20191104085321FOS is closing socket on 8081
20191104085321FOS listen on 8081...
20191104085321accept client '127.0.0.1' on 8081!
20191104085325FOS on 8081 receive 'FIN'
20191104085325FOS is closing socket on 8081
20191104085325FOS listen on 8081...
20191104085345accept client '127.0.0.1' on 8081!
20191104085358FOS on 8081 receive 'FIN'
20191104085358FOS is closing socket on 8081
20191104085358FOS listen on 8081...
20191104085426accept client '127.0.0.1' on 8081!
20191104085426FOS on 8081 receive 'FIN'
20191104085426FOS is closing socket on 8081
20191104085426FOS listen on 8081...
20191104085426accept client '127.0.0.1' on 8081!
20191104085433transmit fail:   'FOS' --> 'F'
20191104085433transmit fail:   'FOS' --> 'F'
20191104085434transmit fail:   'FOS' --> 'F'
20191104085434transmit fail:   'FOS' --> 'F'
20191104085435transmit fail:   'FOS' --> 'F'
20191104085435transmit fail:   'FOS' --> 'F'
20191104085435transmit fail:   'FOS' --> 'F'
20191104085435transmit fail:   'FOS' --> 'F'
20191104085435transmit fail:   'FOS' --> 'F'
20191104085446FOS on 8081 receive 'FIN'
20191104085446FOS is closing socket on 8081
20191104085446FOS listen on 8081...
20191104085524accept client '127.0.0.1' on 8081!
20191104085524FOS on 8081 receive 'FIN'
20191104085524FOS is closing socket on 8081
20191104085524FOS listen on 8081...
20191104085524accept client '127.0.0.1' on 8081!
20191104085530transmit fail:   'FOS' --> 'F'
20191104085531transmit fail:   'FOS' --> 'F'
20191104085531transmit fail:   'FOS' --> 'F'
20191104085531transmit fail:   'FOS' --> 'F'
20191104085531transmit fail:   'FOS' --> 'F'
20191104085534FOS on 8081 receive 'FIN'
20191104085534FOS is closing socket on 8081
20191104085534FOS listen on 8081...
20191104085832accept client '127.0.0.1' on 8081!
20191104085902FOS on 8081 receive 'FIN'
20191104085902FOS is closing socket on 8081
20191104085902FOS listen on 8081...
20191104090012accept client '127.0.0.1' on 8081!
20191104090012FOS on 8081 receive 'FIN'
20191104090012FOS is closing socket on 8081
20191104090012FOS listen on 8081...
20191104090012accept client '127.0.0.1' on 8081!
20191104091322FOS on 8081 receive 'FIN'
20191104091322FOS is closing socket on 8081
20191104091322FOS listen on 8081...
20191104094813FMS on 8080 receive 'FIN'
20191104094813FMS is closing socket on 8080
20191104094813FMS listen on 8080...
20191104094815accept client '127.0.0.1' on 8080!
20191129154332*************************************************
20191129154332TASManager	starting ...
20191129154332*************************************************
20191129154332initalizing...
20191129154332FMS listen on 8080...
20191129154332FOS listen on 8081...
20191129154332RMS listen on 8082...
20191129154332BDMS listen on 8083...
20191129154332AFTN_T listen on 8084...
20191129154332FIDS listen on 8085...
20191129154332TA_ADM listen on 20002...
20191129154332OK,All Service is started
20191129154352accept client '127.0.0.1' on 8080
20191129154352FMS sender on 8080 started
20191129154352FMS receiver on 8080 started
20191129154352FMS on 8080 receive 'FIN'
20191129154352FMS is closing socket on 8080
20191129154352FMS listen on 8080...
20191129154352accept client '127.0.0.1' on 8080!
20191129154354accept client '127.0.0.1' on 8081
20191129154354FOS sender on 8081 started
20191129154354FOS receiver on 8081 started
20191129154354FOS on 8081 receive 'FIN'
20191129154354FOS is closing socket on 8081
20191129154354FOS listen on 8081...
20191129154354accept client '127.0.0.1' on 8081!
20191129154603FOS on 8081 receive 'FIN'
20191129154603FOS is closing socket on 8081
20191129154603FOS listen on 8081...
20191129154646accept client '127.0.0.1' on 8081!
20191129154646FOS on 8081 receive 'FIN'
20191129154646FOS is closing socket on 8081
20191129154646FOS listen on 8081...
20191129154646accept client '127.0.0.1' on 8081!
20191129154910FOS on 8081 receive 'FIN'
20191129154910FOS is closing socket on 8081
20191129154910FOS listen on 8081...
20191129155655accept client '127.0.0.1' on 8081!
20191129155655FOS on 8081 receive 'FIN'
20191129155655FOS is closing socket on 8081
20191129155655FOS listen on 8081...
20191129155657accept client '127.0.0.1' on 8081!
20191129155903FOS on 8081 receive 'FIN'
20191129155903FOS is closing socket on 8081
20191129155903FOS listen on 8081...
20191202085457*************************************************
20191202085458TASManager	starting ...
20191202085458*************************************************
20191202085458initalizing...
20191202085458FMS listen on 8080...
20191202085458FOS listen on 8081...
20191202085458RMS listen on 8082...
20191202085458BDMS listen on 8083...
20191202085458AFTN_T listen on 8084...
20191202085458FIDS listen on 8085...
20191202085458TA_ADM listen on 20002...
20191202085458OK,All Service is started
20191202085615accept client '127.0.0.1' on 8080
20191202085615FMS sender on 8080 started
20191202085615FMS receiver on 8080 started
20191202085615FMS on 8080 receive 'FIN'
20191202085615FMS is closing socket on 8080
20191202085615FMS listen on 8080...
20191202085615accept client '127.0.0.1' on 8080!
20191202090420accept client '127.0.0.1' on 8081
20191202090420FOS sender on 8081 started
20191202090420FOS receiver on 8081 started
20191202090455FOS send 'CHK' on 8081 timeout
20191202090455FOS is closing socket on 8081
20191202090455FOS on 8081 receive 'FIN'
20191202090455FOS listen on 8081...
20191202090543accept client '127.0.0.1' on 8081!
20191202090543FOS is closing socket on 8081
20191202090543FOS listen on 8081...
20191202090555accept client '127.0.0.1' on 8081!
20191202091416FOS on 8081 receive 'FIN'
20191202091416FOS is closing socket on 8081
20191202091416FOS listen on 8081...
20191202103446accept client '127.0.0.1' on 8081!
20191202103447FOS is closing socket on 8081
20191202103447FOS listen on 8081...
20191202103448accept client '127.0.0.1' on 8081!
20191202103519FOS on 8081 receive 'FIN'
20191202103519FOS is closing socket on 8081
20191202103519FOS listen on 8081...
20191202104021accept client '127.0.0.1' on 8081!
20191202104021FOS on 8081 receive 'FIN'
20191202104021FOS is closing socket on 8081
20191202104021FOS listen on 8081...
20191202104021accept client '127.0.0.1' on 8081!
20191202104116FOS send 'CHK' on 8081 timeout
20191202104116FOS is closing socket on 8081
20191202104116FOS on 8081 receive 'FIN'
20191202104116FOS listen on 8081...
20191202141532FMS on 8080 receive 'FIN'
20191202141532FMS is closing socket on 8080
20191202141532FMS listen on 8080...
20191204113311*************************************************
20191204113311TASManager	starting ...
20191204113311*************************************************
20191204113311initalizing...
20191204113311FMS listen on 8080...
20191204113311FOS listen on 8081...
20191204113311RMS listen on 8082...
20191204113311BDMS listen on 8083...
20191204113311AFTN_T listen on 8084...
20191204113311FIDS listen on 8085...
20191204113311TA_ADM listen on 20002...
20191204113311OK,All Service is started
20191204113411accept client '127.0.0.1' on 8080
20191204113411FMS sender on 8080 started
20191204113411FMS receiver on 8080 started
20191204113547accept client '127.0.0.1' on 8081
20191204113547FOS sender on 8081 started
20191204113547FOS receiver on 8081 started
20191204113547FOS on 8081 receive 'FIN'
20191204113547FOS is closing socket on 8081
20191204113547FOS listen on 8081...
20191204113547accept client '127.0.0.1' on 8081!
20191204113822FOS send 'CHK' on 8081 timeout
20191204113822FOS is closing socket on 8081
20191204113822FOS listen on 8081...
20191204113822FOS on 8081 receive 'FIN'
20191204120114FMS on 8080 receive 'FIN'
20191204120114FMS is closing socket on 8080
20191204120114FMS listen on 8080...
20191205160356*************************************************
20191205160356TASManager	starting ...
20191205160356*************************************************
20191205160356initalizing...
20191205160356FMS listen on 8080...
20191205160356FOS listen on 8081...
20191205160356RMS listen on 8082...
20191205160356BDMS listen on 8083...
20191205160356AFTN_T listen on 8084...
20191205160356FIDS listen on 8085...
20191205160356TA_ADM listen on 20002...
20191205160356OK,All Service is started
20191205160409accept client '127.0.0.1' on 8080
20191205160409FMS sender on 8080 started
20191205160409FMS receiver on 8080 started
20191205160618accept client '127.0.0.1' on 8081
20191205160618FOS sender on 8081 started
20191205160618FOS receiver on 8081 started
20191205160618FOS on 8081 receive 'FIN'
20191205160618FOS is closing socket on 8081
20191205160618FOS listen on 8081...
20191205160618accept client '127.0.0.1' on 8081!
20191205160900FOS on 8081 receive 'FIN'
20191205160901FOS is closing socket on 8081
20191205160901FOS listen on 8081...
20191205162438accept client '127.0.0.1' on 8081!
20191205162438FOS on 8081 receive 'FIN'
20191205162438FOS is closing socket on 8081
20191205162438FOS listen on 8081...
20191205162438accept client '127.0.0.1' on 8081!
20191205162621FOS send 'CHK' on 8081 timeout
20191205162621FOS is closing socket on 8081
20191205162621FOS on 8081 receive 'FIN'
20191205162621FOS listen on 8081...
20191205162641FMS on 8080 receive 'FIN'
20191205162641FMS is closing socket on 8080
20191205162641FMS listen on 8080...
20191206083504*************************************************
20191206083504TASManager	starting ...
20191206083504*************************************************
20191206083504initalizing...
20191206083504FMS listen on 8080...
20191206083504FOS listen on 8081...
20191206083504RMS listen on 8082...
20191206083504BDMS listen on 8083...
20191206083504AFTN_T listen on 8084...
20191206083504FIDS listen on 8085...
20191206083504TA_ADM listen on 20002...
20191206083504OK,All Service is started
20191206083527accept client '127.0.0.1' on 8080
20191206083527FMS sender on 8080 started
20191206083527FMS receiver on 8080 started
20191206083729accept client '127.0.0.1' on 8081
20191206083729FOS sender on 8081 started
20191206083729FOS receiver on 8081 started
20191206083729FOS on 8081 receive 'FIN'
20191206083729FOS is closing socket on 8081
20191206083729FOS listen on 8081...
20191206083729accept client '127.0.0.1' on 8081!
20191206083904FOS send 'CHK' on 8081 timeout
20191206083904FOS is closing socket on 8081
20191206083904FOS on 8081 receive 'FIN'
20191206085302accept client '127.0.0.1' on 8081!
20191206085302FOS is closing socket on 8081
20191206085302FOS listen on 8081...
20191206085303accept client '127.0.0.1' on 8081!
20191206085429FOS on 8081 receive 'FIN'
20191206085429FOS is closing socket on 8081
20191206085429FOS listen on 8081...
20191206085530accept client '127.0.0.1' on 8081!
20191206085530FOS is closing socket on 8081
20191206085530FOS listen on 8081...
20191206085530accept client '127.0.0.1' on 8081!
20191206085651FOS on 8081 receive 'FIN'
20191206085651FOS is closing socket on 8081
20191206085651FOS listen on 8081...
20191206090531accept client '127.0.0.1' on 8081!
20191206090531FOS is closing socket on 8081
20191206090531FOS listen on 8081...
20191206090531accept client '127.0.0.1' on 8081!
20191206090814FOS send 'CHK' on 8081 timeout
20191206090814FOS is closing socket on 8081
20191206090814FOS on 8081 receive 'FIN'
20191206090814FOS listen on 8081...
20191206091125accept client '127.0.0.1' on 8081!
20191206091125FOS is closing socket on 8081
20191206091125FOS listen on 8081...
20191206091125accept client '127.0.0.1' on 8081!
20191206091704FOS on 8081 receive 'FIN'
20191206091704FOS is closing socket on 8081
20191206091704FOS listen on 8081...
20191206105511FMS on 8080 receive 'FIN'
20191206105511FMS is closing socket on 8080
20191206105511FMS listen on 8080...
20191206142702*************************************************
20191206142702TASManager	starting ...
20191206142702*************************************************
20191206142702initalizing...
20191206142702FMS listen on 8080...
20191206142702FOS listen on 8081...
20191206142702RMS listen on 8082...
20191206142702BDMS listen on 8083...
20191206142702AFTN_T listen on 8084...
20191206142702FIDS listen on 8085...
20191206142702TA_ADM listen on 20002...
20191206142702OK,All Service is started
20191206142710accept client '127.0.0.1' on 8080
20191206142710FMS sender on 8080 started
20191206142710FMS receiver on 8080 started
20191206142710FMS on 8080 receive 'FIN'
20191206142710FMS is closing socket on 8080
20191206142710FMS listen on 8080...
20191206142710accept client '127.0.0.1' on 8080!
20191206143102accept client '127.0.0.1' on 8081
20191206143103FOS sender on 8081 started
20191206143103FOS receiver on 8081 started
20191206143103FOS on 8081 receive 'FIN'
20191206143103FOS is closing socket on 8081
20191206143103FOS listen on 8081...
20191206143103accept client '127.0.0.1' on 8081!
20191206143654FOS send 'CHK' on 8081 timeout
20191206143654FOS is closing socket on 8081
20191206143654FOS listen on 8081...
N'
20191206161222accept client '127.0.0.1' on 8081!
20191206161222FOS is closing socket on 8081
20191206161222FOS listen on 8081...
20191206161222accept client '127.0.0.1' on 8081!
20191206161338FOS send 'CHK' on 8081 timeout
20191206161338FOS is closing socket on 8081
20191206161338FOS listen on 8081...
20191206161338FOS on 8081 receive 'FIN'
20191206161402accept client '127.0.0.1' on 8081!
20191206161402FOS is closing socket on 8081
20191206161402FOS listen on 8081...
20191206161403accept client '127.0.0.1' on 8081!
20191206161551FOS send 'CHK' on 8081 timeout
20191206161551FOS is closing socket on 8081
20191206161551FOS listen on 8081...
20191206161551FOS on 8081 receive 'FIN'
20191206223332*************************************************
20191206223332TASManager	starting ...
20191206223332*************************************************
20191206223332initalizing...
20191206223332FMS listen on 8080...
20191206223332FOS listen on 8081...
20191206223332RMS listen on 8082...
20191206223332BDMS listen on 8083...
20191206223332AFTN_T listen on 8084...
20191206223332FIDS listen on 8085...
20191206223332TA_ADM listen on 20002...
20191206223332OK,All Service is started
20191206223345accept client '127.0.0.1' on 8080
20191206223345FMS sender on 8080 started
20191206223345FMS receiver on 8080 started
20191207104402accept client '127.0.0.1' on 8081
20191207104402FOS sender on 8081 started
20191207104402FOS receiver on 8081 started
20191207104402FOS on 8081 receive 'FIN'
20191207104402FOS is closing socket on 8081
20191207104402FOS listen on 8081...
20191207104402accept client '127.0.0.1' on 8081!
20191207105331FOS send 'CHK' on 8081 timeout
20191207105331FOS is closing socket on 8081
20191207105331FOS on 8081 receive 'FIN'
20191207105331FOS listen on 8081...
20191207105600accept client '127.0.0.1' on 8081!
20191207105600FOS is closing socket on 8081
20191207105600FOS listen on 8081...
20191207105608accept client '127.0.0.1' on 8081!
20191207105703FOS send 'CHK' on 8081 timeout
20191207105704FOS is closing socket on 8081
20191207105704FOS listen on 8081...
20191207105704FOS on 8081 receive 'FIN'
20191207110512accept client '127.0.0.1' on 8081!
20191207110512FOS is closing socket on 8081
20191207110512FOS listen on 8081...
20191207110512accept client '127.0.0.1' on 8081!
20191207111644FOS on 8081 receive 'FIN'
20191207111644FOS is closing socket on 8081
20191207111644FOS listen on 8081...
20191207115213accept client '127.0.0.1' on 8081!
20191207115513FOS on 8081 receive 'FIN'
20191207115513FOS is closing socket on 8081
20191207115513FOS listen on 8081...
20191207122134FMS on 8080 receive 'FIN'
20191207122134FMS is closing socket on 8080
20191207122134FMS listen on 8080...
20191207150900*************************************************
20191207150900TASManager	starting ...
20191207150900*************************************************
20191207150900initalizing...
20191207150900FMS listen on 8080...
20191207150900FOS listen on 8081...
20191207150900RMS listen on 8082...
20191207150900BDMS listen on 8083...
20191207150900AFTN_T listen on 8084...
20191207150900FIDS listen on 8085...
20191207150900TA_ADM listen on 20002...
20191207150900OK,All Service is started
20191207150912accept client '127.0.0.1' on 8080
20191207150912FMS sender on 8080 started
20191207150912FMS receiver on 8080 started
20191207152546FMS on 8080 receive 'FIN'
20191207152546FMS is closing socket on 8080
20191207152546FMS listen on 8080...
20191207224801*************************************************
20191207224801TASManager	starting ...
20191207224801*************************************************
20191207224801initalizing...
20191207224801FMS listen on 8080...
20191207224801FOS listen on 8081...
20191207224801RMS listen on 8082...
20191207224801BDMS listen on 8083...
20191207224801AFTN_T listen on 8084...
20191207224801FIDS listen on 8085...
20191207224801TA_ADM listen on 20002...
20191207224801OK,All Service is started
20191207225615*************************************************
20191207225615TASManager	starting ...
20191207225615*************************************************
20191207225615initalizing...
20191207225615FMS listen on 8080...
20191207225615FOS listen on 8081...
20191207225615RMS listen on 8082...
20191207225615BDMS listen on 8083...
20191207225615AFTN_T listen on 8084...
20191207225615FIDS listen on 8085...
20191207225615TA_ADM listen on 20002...
20191207225615OK,All Service is started
20191207225622accept client '127.0.0.1' on 8080
20191207225622FMS sender on 8080 started
20191207225622FMS receiver on 8080 started
20191207225622FMS on 8080 receive 'FIN'
20191207225622FMS is closing socket on 8080
20191207225622FMS listen on 8080...
20191207225622accept client '127.0.0.1' on 8080!
20191207225707FMS on 8080 receive 'FIN'
20191207225707FMS is closing socket on 8080
20191207225707FMS listen on 8080...
20191207230215*************************************************
20191207230215TASManager	starting ...
20191207230215*************************************************
20191207230215initalizing...
20191207230215FMS listen on 8080...
20191207230215FOS listen on 8081...
20191207230215RMS listen on 8082...
20191207230215BDMS listen on 8083...
20191207230215AFTN_T listen on 8084...
20191207230215FIDS listen on 8085...
20191207230215TA_ADM listen on 20002...
20191207230215OK,All Service is started
20191207230223accept client '127.0.0.1' on 8080
20191207230223FMS sender on 8080 started
20191207230223FMS receiver on 8080 started
20191207230321accept client '127.0.0.1' on 8081
20191207230321FOS sender on 8081 started
20191207230321FOS receiver on 8081 started
20191207230321FOS on 8081 receive 'FIN'
20191207230321FOS is closing socket on 8081
20191207230321FOS listen on 8081...
20191207230321accept client '127.0.0.1' on 8081!
20191207231122FOS send 'CHK' on 8081 timeout
20191207231122FOS is closing socket on 8081
20191207231122FOS listen on 8081...
N'
20191207232542accept client '127.0.0.1' on 8081!
20191207232542FOS is closing socket on 8081
20191207232542FOS listen on 8081...
20191207232542accept client '127.0.0.1' on 8081!
20191207232617FOS on 8081 receive 'FIN'
20191207232617FOS is closing socket on 8081
20191207232617FOS listen on 8081...
20191207232739accept client '127.0.0.1' on 8081!
20191207232828FOS on 8081 receive 'FIN'
20191207232828FOS is closing socket on 8081
20191207232829FOS listen on 8081...
20191207232951accept client '127.0.0.1' on 8081!
20191207232951FOS on 8081 receive 'FIN'
20191207232951FOS is closing socket on 8081
20191207232951FOS listen on 8081...
20191207232951accept client '127.0.0.1' on 8081!
20191207233106FOS send 'CHK' on 8081 timeout
20191207233106FOS is closing socket on 8081
20191207233106FOS listen on 8081...
20191207233106FOS on 8081 receive 'FIN'
20191207233557accept client '127.0.0.1' on 8081!
20191207233557FOS is closing socket on 8081
20191207233557FOS listen on 8081...
20191207233558accept client '127.0.0.1' on 8081!
20191207233713FOS send 'CHK' on 8081 timeout
20191207233713FOS is closing socket on 8081
20191207233713FOS listen on 8081...
20191207233713FOS on 8081 receive 'FIN'
20191207234302accept client '127.0.0.1' on 8081!
20191207234302FOS is closing socket on 8081
20191207234302FOS listen on 8081...
20191207234303accept client '127.0.0.1' on 8081!
20191207234440FOS send 'CHK' on 8081 timeout
20191207234440FOS is closing socket on 8081
20191207234440FOS listen on 8081...
20191207234440FOS on 8081 receive 'FIN'
20191207234710FMS on 8080 receive 'FIN'
20191207234710FMS is closing socket on 8080
20191207234710FMS listen on 8080...
20191208111339*************************************************
20191208111339TASManager	starting ...
20191208111339*************************************************
20191208111339initalizing...
20191208111339FMS listen on 8080...
20191208111339FOS listen on 8081...
20191208111339RMS listen on 8082...
20191208111339BDMS listen on 8083...
20191208111339AFTN_T listen on 8084...
20191208111339FIDS listen on 8085...
20191208111339TA_ADM listen on 20002...
20191208111339OK,All Service is started
20191208111347accept client '127.0.0.1' on 8080
20191208111347FMS sender on 8080 started
20191208111347FMS receiver on 8080 started
20191208111347FMS on 8080 receive 'FIN'
20191208111347FMS is closing socket on 8080
20191208111347FMS listen on 8080...
20191208111347accept client '127.0.0.1' on 8080!
20191208115652accept client '127.0.0.1' on 8081
20191208115652FOS sender on 8081 started
20191208115652FOS receiver on 8081 started
20191208115652FOS on 8081 receive 'FIN'
20191208115652FOS is closing socket on 8081
20191208115652FOS listen on 8081...
20191208115652accept client '127.0.0.1' on 8081!
20191208115827FOS send 'CHK' on 8081 timeout
20191208115827FOS is closing socket on 8081
20191208115827FOS on 8081 receive 'FIN'
20191208115827FOS listen on 8081...
20191208165024FMS on 8080 receive 'FIN'
20191208165024FMS is closing socket on 8080
20191208165024FMS listen on 8080...
20191208165024accept client '127.0.0.1' on 8080!
20191208165025FMS on 8080 receive 'FIN'
20191208165025FMS is closing socket on 8080
20191208165025FMS listen on 8080...
20191209094358*************************************************
20191209094358TASManager	starting ...
20191209094358*************************************************
20191209094358initalizing...
20191209094358FMS listen on 8080...
20191209094358FOS listen on 8081...
20191209094358RMS listen on 8082...
20191209094358BDMS listen on 8083...
20191209094358AFTN_T listen on 8084...
20191209094358FIDS listen on 8085...
20191209094358TA_ADM listen on 20002...
20191209094358OK,All Service is started
20191209094408accept client '127.0.0.1' on 8080
20191209094408FMS sender on 8080 started
20191209094408FMS receiver on 8080 started
20191209124000FMS on 8080 receive 'FIN'
20191209124000FMS is closing socket on 8080
20191209124000FMS listen on 8080...
20191211085454*************************************************
20191211085454TASManager	starting ...
20191211085454*************************************************
20191211085454initalizing...
20191211085454FMS listen on 8080...
20191211085454FOS listen on 8081...
20191211085454RMS listen on 8082...
20191211085454BDMS listen on 8083...
20191211085454AFTN_T listen on 8084...
20191211085454FIDS listen on 8085...
20191211085454TA_ADM listen on 20002...
20191211085454OK,All Service is started
20191211085929------------------------------------------------
20191211085929TASManager	was ShutDown 
20191211085929-------------------------------------------------


20191211092058*************************************************
20191211092058TASManager	starting ...
20191211092058*************************************************
20191211092058initalizing...
20191211092058FMS listen on 8080...
20191211092058FOS listen on 8081...
20191211092058RMS listen on 8082...
20191211092058BDMS listen on 8083...
20191211092058AFTN_T listen on 8084...
20191211092058FIDS listen on 8085...
20191211092058TA_ADM listen on 20002...
20191211092058OK,All Service is started
20191211092115accept client '127.0.0.1' on 8080
20191211092115FMS sender on 8080 started
20191211092115FMS receiver on 8080 started
20191211092115FMS on 8080 receive 'FIN'
20191211092115FMS is closing socket on 8080
20191211092115FMS listen on 8080...
20191211092115accept client '127.0.0.1' on 8080!
20191211092117accept client '127.0.0.1' on 8081
20191211092117FOS sender on 8081 started
20191211092117FOS receiver on 8081 started
20191211092117FOS on 8081 receive 'FIN'
20191211092117FOS is closing socket on 8081
20191211092117FOS listen on 8081...
20191211092117accept client '127.0.0.1' on 8081!
20191211092355------------------------------------------------
20191211092355TASManager	was ShutDown 
20191211092355-------------------------------------------------


20191212093819*************************************************
20191212093819TASManager	starting ...
20191212093819*************************************************
20191212093819initalizing...
20191212093819FMS listen on 8080...
20191212093819FOS listen on 8081...
20191212093819RMS listen on 8082...
20191212093819BDMS listen on 8083...
20191212093819AFTN_T listen on 8084...
20191212093819FIDS listen on 8085...
20191212093819TA_ADM listen on 20002...
20191212093819OK,All Service is started
20191212093829------------------------------------------------
20191212093829TASManager	was ShutDown 
20191212093829-------------------------------------------------


20191212134513*************************************************
20191212134513TASManager	starting ...
20191212134513*************************************************
20191212134513initalizing...
20191212134513FMS listen on 8080...
20191212134513FOS listen on 8081...
20191212134513RMS listen on 8082...
20191212134513BDMS listen on 8083...
20191212134513AFTN_T listen on 8084...
20191212134513FIDS listen on 8085...
20191212134513TA_ADM listen on 20002...
20191212134513OK,All Service is started
20191212134557accept client '127.0.0.1' on 8080
20191212134557FMS sender on 8080 started
20191212134557FMS receiver on 8080 started
20191212134558accept client '127.0.0.1' on 8081
20191212134558FOS sender on 8081 started
20191212134558FOS receiver on 8081 started
20191212134558FOS on 8081 receive 'FIN'
20191212134558FOS is closing socket on 8081
20191212134558FOS listen on 8081...
20191212134558accept client '127.0.0.1' on 8081!
20191212135601transmit fail:   'FOS' --> 'FTS'
20191212135605transmit fail:   'FOS' --> 'FTS'
20191212135612transmit fail:   'FOS' --> 'DAS'
